[2021-01-27T13:55:54.567] [DEBUG] default - id=2&name=tony
[2021-01-27T13:56:27.259] [DEBUG] default - [Object: null prototype] { id: '2', name: 'tongy', from: '北京' }
[2021-01-27T13:57:18.799] [DEBUG] default - id%3D2%26name%3Dtongy%26from%3D%E5%8C%97%E4%BA%AC
[2021-01-27T13:58:21.008] [DEBUG] default - id-2&name=tongy
[2021-01-27T13:58:40.274] [DEBUG] default - id=2&name=tongy
[2021-01-27T13:59:08.434] [DEBUG] default - id=2&name=tongy
[2021-01-27T14:00:34.437] [DEBUG] default - id&2=name&tony
[2021-01-27T14:00:54.685] [DEBUG] default - id=2&name=tony
[2021-01-27T14:01:26.752] [DEBUG] default - id/2:name/tony
[2021-01-27T14:01:44.264] [DEBUG] default - id:2/name:tony
[2021-01-27T14:02:18.857] [DEBUG] default - 
[2021-01-27T14:02:27.939] [DEBUG] default - id:2/name:tony
[2021-01-27T14:04:02.376] [DEBUG] default - [Object: null prototype] { 'id=2&name=tongy&from=北京': '' }
[2021-01-27T14:04:21.603] [DEBUG] default - [Object: null prototype] { id: '2', name: 'tongy', from: '北京' }
[2021-01-27T14:04:33.766] [DEBUG] default - [Object: null prototype] {
  '2': 'name',
  id: '',
  tongy: 'from',
  '北京': ''
}
[2021-01-27T14:04:43.169] [DEBUG] default - [Object: null prototype] { id: '2', name: 'tongy', from: '北京' }
[2021-01-27T14:05:10.932] [DEBUG] default - [Object: null prototype] { id: '2', name: 'tongy', from: '北京' }
